* using log directory 'C:/Projects/Rpackage/APS.Rcheck'
* using R version 3.6.1 (2019-07-05)
* using platform: x86_64-w64-mingw32 (64-bit)
* using session charset: ISO8859-1
* using options '--no-manual --as-cran'
* checking for file 'APS/DESCRIPTION' ... OK
* checking extension type ... Package
* this is package 'APS' version '0.1.0'
* package encoding: UTF-8
* checking package namespace information ... OK
* checking package dependencies ... OK
* checking if this is a source package ... OK
* checking if there is a namespace ... OK
* checking for executable files ... OK
* checking for hidden files and directories ... OK
* checking for portable file names ... OK
* checking serialization versions ... OK
* checking whether package 'APS' can be installed ... OK
* checking installed package size ... OK
* checking package directory ... OK
* checking for future file timestamps ... OK
* checking DESCRIPTION meta-information ... OK
* checking top-level files ... OK
* checking for left-over files ... OK
* checking index information ... OK
* checking package subdirectories ... OK
* checking R files for non-ASCII characters ... OK
* checking R files for syntax errors ... OK
* checking whether the package can be loaded ... OK
* checking whether the package can be loaded with stated dependencies ... OK
* checking whether the package can be unloaded cleanly ... OK
* checking whether the namespace can be loaded with stated dependencies ... OK
* checking whether the namespace can be unloaded cleanly ... OK
* checking loading without being on the library search path ... OK
* checking dependencies in R code ... WARNING
'::' or ':::' import not declared from: 'reshape2'
* checking S3 generic/method consistency ... OK
* checking replacement functions ... OK
* checking foreign function calls ... OK
* checking R code for possible problems ... NOTE
plot_rc_dev_overview: no visible binding for global variable 'tickers'
plot_rc_dev_overview: no visible binding for global variable 'RC'
plot_rc_dev_overview: no visible binding for global variable 'RunID'
plot_weights_dev_overview: no visible binding for global variable
  'tickers'
plot_weights_dev_overview: no visible binding for global variable
  'WeightRel'
plot_weights_dev_overview: no visible binding for global variable
  'RunID'
runRCOLoops : read_target_settings_from_excel: no visible global
  function definition for 'na.omit'
Undefined global functions or variables:
  RC RunID WeightRel na.omit tickers
Consider adding
  importFrom("stats", "na.omit")
to your NAMESPACE file.
* checking Rd files ... OK
* checking Rd metadata ... OK
* checking Rd line widths ... OK
* checking Rd cross-references ... OK
* checking for missing documentation entries ... WARNING
Undocumented code objects:
  'plot_rc_dev_overview' 'plot_weights_dev_overview'
All user-level objects in a package should have documentation entries.
See chapter 'Writing R documentation files' in the 'Writing R
Extensions' manual.
* checking for code/documentation mismatches ... OK
* checking Rd \usage sections ... OK
* checking Rd contents ... OK
* checking for unstated dependencies in examples ... OK
* checking examples ... NONE
* DONE
Status: 2 WARNINGs, 1 NOTE
